#
# A fatal error has been detected by the Java Runtime Environment:
#
#  SIGSEGV (0xb) at pc=0x00007f66e65dbc40, pid=2630, tid=140077996902160
#
# JRE version: 6.0_18-b18
# Java VM: OpenJDK 64-Bit Server VM (16.0-b13 mixed mode linux-amd64 )
# Derivative: IcedTea6 1.8.1
# Distribution: Ubuntu 10.04 LTS, package 6b18-1.8.1-0ubuntu1
# Problematic frame:
# V  [libjvm.so+0x50bc40]
#
# If you would like to submit a bug report, please include
# instructions how to reproduce the bug and visit:
#   https://bugs.launchpad.net/ubuntu/+source/openjdk-6/
#

---------------  T H R E A D  ---------------

Current thread (0x00007f667405b800):  JavaThread "CompilerThread1" daemon [_thread_in_native, id=2647, stack(0x00007f66732f0000,0x00007f66733f1000)]

siginfo:si_signo=SIGSEGV: si_errno=0, si_code=1 (SEGV_MAPERR), si_addr=0x0000000000000008

Registers:
RAX=0x0000000000000000, RBX=0x00007f66733edb00, RCX=0x0000000002ed9820, RDX=0x0000000000002000
RSP=0x00007f66733ec310, RBP=0x00007f66733ec350, RSI=0x00007f667471a1b0, RDI=0x0000000000000000
R8 =0x00000000029bf610, R9 =0x00000000027cd970, R10=0x0000000000000000, R11=0x00007f66e6c36e53
R12=0x0000000002303a58, R13=0x00000000024a7f60, R14=0x00007f66733edb20, R15=0x00000000027d06b8
RIP=0x00007f66e65dbc40, EFL=0x0000000000010202, CSGSFS=0x0000000000000033, ERR=0x0000000000000004
  TRAPNO=0x000000000000000e

Top of Stack: (sp=0x00007f66733ec310)
0x00007f66733ec310:   00007f66733ec630 0000000000001394
0x00007f66733ec320:   00007f66733ec350 00007f66733ec5f0
0x00007f66733ec330:   00007f66733edb00 0000000002303a58
0x00007f66733ec340:   0000000000000002 000000000420d7f8
0x00007f66733ec350:   00007f66733ec3c0 00007f66e65dc1a7
0x00007f66733ec360:   0000000000000020 00007f6600000001
0x00007f66733ec370:   00007f66733ee490 0000000000000000
0x00007f66733ec380:   00007f66733ec5d0 00007f66733ec630
0x00007f66733ec390:   0000000000001695 00007f66733edb00
0x00007f66733ec3a0:   00007f66733ed0f0 00007f66733ec630
0x00007f66733ec3b0:   00007f66733ec5d0 0000000000000000
0x00007f66733ec3c0:   00007f66733ec690 00007f66e65df6f0
0x00007f66733ec3d0:   00007f66e6b7e888 00007f66e6b99ad8
0x00007f66733ec3e0:   00007f66733ec410 00007f6600001683
0x00007f66733ec3f0:   000000000000b510 00007f66e6b60d7c
0x00007f66733ec400:   0100000001f28830 00007f66733ec5f0
0x00007f66733ec410:   00007f66733ec430 00007f66e6761ef6
0x00007f66733ec420:   0000000001f7d800 00007f6674dcda50
0x00007f66733ec430:   00007f66733ec450 00007f66e6761ef6
0x00007f66733ec440:   0000000001f7d800 00007f6674dcda50
0x00007f66733ec450:   00000000026cc7e0 00007f6674dcda50
0x00007f66733ec460:   00007f66733ec470 00007f66e676118d
0x00007f66733ec470:   00007f66733ec4d0 00007f66e63fd3de
0x00007f66733ec480:   0000000000000000 8ac24405007a85e0
0x00007f66733ec490:   0000000000000000 00000000e6765758
0x00007f66733ec4a0:   00007f6688ca6bff 00000000027a85e0
0x00007f66733ec4b0:   00007f66733ec510 00007f66e6483f61
0x00007f66733ec4c0:   00007f66733ec4e0 00007f667576df90
0x00007f66733ec4d0:   0000000002010f68 00000000021f2518
0x00007f66733ec4e0:   00007f66733ec500 0000000002216d60
0x00007f66733ec4f0:   00007f66733ed0f0 00007f66733ed0f0
0x00007f66733ec500:   00000000020103b0 0000000002216d60 

Instructions: (pc=0x00007f66e65dbc40)
0x00007f66e65dbc30:   89 f6 48 c1 e6 03 48 03 b3 d0 09 00 00 48 8b 06
0x00007f66e65dbc40:   48 8b 50 08 48 83 3a 00 75 27 8b 4b 28 0f 1f 00 

Stack: [0x00007f66732f0000,0x00007f66733f1000],  sp=0x00007f66733ec310,  free space=3f00000000000000030k
Native frames: (J=compiled Java code, j=interpreted, Vv=VM code, C=native code)
V  [libjvm.so+0x50bc40]
V  [libjvm.so+0x50c1a7]
V  [libjvm.so+0x50f6f0]
V  [libjvm.so+0x2b7a6b]
V  [libjvm.so+0x2b85ba]
V  [libjvm.so+0x246f7c]
V  [libjvm.so+0x2bd49a]
V  [libjvm.so+0x2bdabf]
V  [libjvm.so+0x687c4b]
V  [libjvm.so+0x58ff62]


Current CompileTask:
C2:617      jregex.Pretokenizer.next()V (1064 bytes)


---------------  P R O C E S S  ---------------

Java Threads: ( => current thread )
  0x0000000002236800 JavaThread "pool-3-thread-1" [_thread_in_Java, id=2748, stack(0x00007f66727ab000,0x00007f66728ac000)]
  0x0000000001fd6000 JavaThread "NioProcessor-1" [_thread_in_native, id=2740, stack(0x00007f66728ac000,0x00007f66729ad000)]
  0x00007f66742f2800 JavaThread "DestroyJavaVM" [_thread_blocked, id=2631, stack(0x00007f66e7869000,0x00007f66e796a000)]
  0x00007f66742f2000 JavaThread "NioSocketAcceptor-1" [_thread_in_native, id=2651, stack(0x00007f66729ad000,0x00007f6672aae000)]
  0x00007f667420b000 JavaThread "NioSocketAcceptor-1-idleStatusChecker" [_thread_blocked, id=2650, stack(0x00007f6672aae000,0x00007f6672baf000)]
  0x00007f667405e000 JavaThread "Low Memory Detector" daemon [_thread_blocked, id=2648, stack(0x00007f66731ef000,0x00007f66732f0000)]
=>0x00007f667405b800 JavaThread "CompilerThread1" daemon [_thread_in_native, id=2647, stack(0x00007f66732f0000,0x00007f66733f1000)]
  0x00007f6674058800 JavaThread "CompilerThread0" daemon [_thread_in_native, id=2646, stack(0x00007f66733f1000,0x00007f66734f2000)]
  0x00007f6674056000 JavaThread "JDWP Event Helper Thread" daemon [_thread_blocked, id=2645, stack(0x00007f66734f2000,0x00007f66735f3000)]
  0x00007f6674052800 JavaThread "JDWP Transport Listener: dt_socket" daemon [_thread_in_native, id=2644, stack(0x00007f66735f3000,0x00007f66736f4000)]
  0x00007f667401f800 JavaThread "Signal Dispatcher" daemon [_thread_blocked, id=2643, stack(0x00007f66738f9000,0x00007f66739fa000)]
  0x00007f6674001000 JavaThread "Finalizer" daemon [_thread_blocked, id=2642, stack(0x00007f66739fa000,0x00007f6673afb000)]
  0x0000000001fa1000 JavaThread "Reference Handler" daemon [_thread_blocked, id=2641, stack(0x00007f6673afb000,0x00007f6673bfc000)]

Other Threads:
  0x0000000001f9c000 VMThread [stack: 0x00007f6673bfc000,0x00007f6673cfd000] [id=2640]
  0x00007f6674061000 WatcherThread [stack: 0x00007f66730ee000,0x00007f66731ef000] [id=2649]

VM state:not at safepoint (normal execution)

VM Mutex/Monitor currently owned by a thread: None

Heap
 PSYoungGen      total 17664K, used 9946K [0x00007f66c2190000, 0x00007f66c3e70000, 0x00007f66e1390000)
  eden space 17152K, 55% used [0x00007f66c2190000,0x00007f66c2aca9f0,0x00007f66c3250000)
  from space 512K, 96% used [0x00007f66c32a0000,0x00007f66c331c018,0x00007f66c3320000)
  to   space 6208K, 0% used [0x00007f66c3860000,0x00007f66c3860000,0x00007f66c3e70000)
 PSOldGen        total 63744K, used 14509K [0x00007f6683d90000, 0x00007f6687bd0000, 0x00007f66c2190000)
  object space 63744K, 22% used [0x00007f6683d90000,0x00007f6684bbb6c8,0x00007f6687bd0000)
 PSPermGen       total 29120K, used 28987K [0x00007f6679590000, 0x00007f667b200000, 0x00007f6683d90000)
  object space 29120K, 99% used [0x00007f6679590000,0x00007f667b1ded00,0x00007f667b200000)

Dynamic libraries:
00400000-00409000 r-xp 00000000 08:01 4199416                            /usr/lib/jvm/java-6-openjdk/jre/bin/java
00608000-00609000 r--p 00008000 08:01 4199416                            /usr/lib/jvm/java-6-openjdk/jre/bin/java
00609000-0060a000 rw-p 00009000 08:01 4199416                            /usr/lib/jvm/java-6-openjdk/jre/bin/java
01f1b000-049b7000 rw-p 00000000 00:00 0                                  [heap]
7f66727ab000-7f66727ae000 ---p 00000000 00:00 0 
7f66727ae000-7f66728ac000 rw-p 00000000 00:00 0 
7f66728ac000-7f66728af000 ---p 00000000 00:00 0 
7f66728af000-7f66729ad000 rw-p 00000000 00:00 0 
7f66729ad000-7f66729b0000 ---p 00000000 00:00 0 
7f66729b0000-7f6672aae000 rw-p 00000000 00:00 0 
7f6672aae000-7f6672ab1000 ---p 00000000 00:00 0 
7f6672ab1000-7f6672baf000 rw-p 00000000 00:00 0 
7f6672baf000-7f6672bb7000 r-xp 00000000 08:01 4199378                    /usr/lib/jvm/java-6-openjdk/jre/lib/amd64/libnio.so
7f6672bb7000-7f6672db6000 ---p 00008000 08:01 4199378                    /usr/lib/jvm/java-6-openjdk/jre/lib/amd64/libnio.so
7f6672db6000-7f6672db7000 r--p 00007000 08:01 4199378                    /usr/lib/jvm/java-6-openjdk/jre/lib/amd64/libnio.so
7f6672db7000-7f6672db8000 rw-p 00008000 08:01 4199378                    /usr/lib/jvm/java-6-openjdk/jre/lib/amd64/libnio.so
7f6672db8000-7f6672dcd000 r-xp 00000000 08:01 4199377                    /usr/lib/jvm/java-6-openjdk/jre/lib/amd64/libnet.so
7f6672dcd000-7f6672fcc000 ---p 00015000 08:01 4199377                    /usr/lib/jvm/java-6-openjdk/jre/lib/amd64/libnet.so
7f6672fcc000-7f6672fcd000 r--p 00014000 08:01 4199377                    /usr/lib/jvm/java-6-openjdk/jre/lib/amd64/libnet.so
7f6672fcd000-7f6672fce000 rw-p 00015000 08:01 4199377                    /usr/lib/jvm/java-6-openjdk/jre/lib/amd64/libnet.so
7f6672fce000-7f6672fd0000 r--s 00001000 08:01 6160810                    /usr/play/framework/lib/slf4j-log4j12-1.5.0.jar
7f6672fd0000-7f6672fd6000 r--s 00032000 08:01 6160767                    /usr/play/framework/lib/jaxen-1.1.jar
7f6672fd6000-7f6672fd8000 r--s 0000c000 08:01 6160815                    /usr/play/framework/lib/activation.jar
7f6672fd8000-7f6672fdd000 r--s 00040000 08:01 6160783                    /usr/play/framework/lib/hibernate-annotations.jar
7f6672fdd000-7f6672fe2000 r--s 0002a000 08:01 6160795                    /usr/play/framework/lib/commons-beanutils.jar
7f6672fe2000-7f6672fe8000 r--s 00049000 08:01 6160811                    /usr/play/framework/lib/cglib-nodep-2.2.jar
7f6672fe8000-7f6672fee000 r--s 00041000 08:01 6160778                    /usr/play/framework/lib/oval-1.31.jar
7f6672fee000-7f6672ff0000 r--s 00001000 08:01 6160763                    /usr/play/framework/lib/jsr107cache-1.0.jar
7f6672ff0000-7f6672ffb000 r--s 00071000 08:01 6160770                    /usr/play/framework/lib/mina-core-2.0.0-M2-SNAPSHOT.jar
7f6672ffb000-7f6672ffe000 r--s 00011000 08:01 6160793                    /usr/play/framework/lib/ezmorph-1.0.3.jar
7f6672ffe000-7f6673002000 r--s 0002f000 08:01 6160799                    /usr/play/framework/lib/commons-lang.jar
7f6673002000-7f6673004000 r--s 00001000 08:01 6160802                    /usr/play/framework/lib/jta.jar
7f6673004000-7f6673009000 r--s 00048000 08:01 6160786                    /usr/play/framework/lib/dom4j-1.6.1.jar
7f6673009000-7f667300e000 r--s 0003c000 08:01 6160787                    /usr/play/framework/lib/ehcache-1.5.0.jar
7f667300e000-7f667301b000 r--s 0007c000 08:01 6160779                    /usr/play/framework/lib/commons-collections-3.1.jar
7f667301b000-7f667301f000 r--s 00020000 08:01 6160797                    /usr/play/framework/lib/play-imaging.jar
7f667301f000-7f6673021000 r--s 00003000 08:01 6160809                    /usr/play/framework/lib/slf4j-api-1.5.0.jar
7f6673021000-7f6673026000 r--s 00023000 08:01 6160806                    /usr/play/framework/lib/junit-4.4.jar
7f6673026000-7f667302e000 r--s 0008a000 08:01 6160773                    /usr/play/framework/lib/javassist.jar
7f667302e000-7f6673031000 r--s 0000d000 08:01 6160774                    /usr/play/framework/lib/hibernate-validator.jar
7f6673031000-7f667303d000 r--s 0014c000 08:01 6160769                    /usr/play/framework/lib/compiler-jdt.jar
7f667303d000-7f6673060000 r--s 0016a000 08:01 6160776                    /usr/play/framework/lib/bcprov-jdk15-142.jar
7f6673060000-7f667306c000 r--s 00097000 08:01 6160775                    /usr/play/framework/lib/lucene-core-2.3.1.jar
7f667306c000-7f667306d000 r--s 00015000 08:01 6160794                    /usr/play/framework/lib/play-SimpleCaptcha.jar
7f667306d000-7f6673074000 r--s 000aa000 08:01 6160805                    /usr/play/framework/lib/mysql-connector-java-5.1.8-bin.jar
7f6673074000-7f6673098000 r--s 00473000 08:01 6160816                    /usr/play/framework/lib/hibernate3.jar
7f6673098000-7f667309a000 r--s 00017000 08:01 6160788                    /usr/play/framework/lib/WikiText.jar
7f667309a000-7f667309f000 r--s 00037000 08:01 6160785                    /usr/play/framework/lib/memcached-2.4.2.jar
7f667309f000-7f66730ee000 r--s 004b1000 08:01 6160796                    /usr/play/framework/lib/groovy-all-1.7.1.jar
7f66730ee000-7f66730ef000 ---p 00000000 00:00 0 
7f66730ef000-7f66731ef000 rw-p 00000000 00:00 0 
7f66731ef000-7f66731f2000 ---p 00000000 00:00 0 
7f66731f2000-7f66732f0000 rw-p 00000000 00:00 0 
7f66732f0000-7f66732f3000 ---p 00000000 00:00 0 
7f66732f3000-7f66733f1000 rw-p 00000000 00:00 0 
7f66733f1000-7f66733f4000 ---p 00000000 00:00 0 
7f66733f4000-7f66734f2000 rw-p 00000000 00:00 0 
7f66734f2000-7f66734f5000 ---p 00000000 00:00 0 
7f66734f5000-7f66735f3000 rw-p 00000000 00:00 0 
7f66735f3000-7f66735f6000 ---p 00000000 00:00 0 
7f66735f6000-7f66736f4000 rw-p 00000000 00:00 0 
7f66736f4000-7f66736f8000 r-xp 00000000 08:01 4199359                    /usr/lib/jvm/java-6-openjdk/jre/lib/amd64/libdt_socket.so
7f66736f8000-7f66738f7000 ---p 00004000 08:01 4199359                    /usr/lib/jvm/java-6-openjdk/jre/lib/amd64/libdt_socket.so
7f66738f7000-7f66738f8000 r--p 00003000 08:01 4199359                    /usr/lib/jvm/java-6-openjdk/jre/lib/amd64/libdt_socket.so
7f66738f8000-7f66738f9000 rw-p 00004000 08:01 4199359                    /usr/lib/jvm/java-6-openjdk/jre/lib/amd64/libdt_socket.so
7f66738f9000-7f66738fc000 ---p 00000000 00:00 0 
7f66738fc000-7f66739fa000 rw-p 00000000 00:00 0 
7f66739fa000-7f66739fd000 ---p 00000000 00:00 0 
7f66739fd000-7f6673afb000 rw-p 00000000 00:00 0 
7f6673afb000-7f6673afe000 ---p 00000000 00:00 0 
7f6673afe000-7f6673bfc000 rw-p 00000000 00:00 0 
7f6673bfc000-7f6673bfd000 ---p 00000000 00:00 0 
7f6673bfd000-7f6674000000 rw-p 00000000 00:00 0 
7f6674000000-7f667709d000 rw-p 00000000 00:00 0 
7f667709d000-7f6678000000 ---p 00000000 00:00 0 
7f667800d000-7f6678014000 r--s 00101000 08:01 4198372                    /usr/lib/jvm/java-6-openjdk/jre/lib/resources.jar
7f6678014000-7f667801a000 r--s 00055000 08:01 6160781                    /usr/play/framework/lib/mail.jar
7f667801a000-7f6678020000 r--s 00056000 08:01 6160768                    /usr/play/framework/lib/hibernate3-ast.jar
7f6678020000-7f6678026000 r--s 00067000 08:01 6160784                    /usr/play/framework/lib/antlr-2.7.6.jar
7f6678026000-7f6678028000 r--s 0000b000 08:01 6160803                    /usr/play/framework/lib/commons-fileupload-1.2.jar
7f6678028000-7f667802c000 r--s 00023000 08:01 6160814                    /usr/play/framework/lib/gson-1.3.jar
7f667802c000-7f6678033000 r--s 00038000 08:01 6160771                    /usr/play/framework/lib/wikitext.core_1.1.1.jar
7f6678033000-7f6678035000 r--s 00015000 08:01 6160790                    /usr/play/framework/lib/jregex1.2_01.jar
7f6678035000-7f6678038000 r--s 0001b000 08:01 6160800                    /usr/play/framework/lib/hibernate-entitymanager.jar
7f6678038000-7f667803d000 r--s 00040000 08:01 6160808                    /usr/play/framework/lib/commons-httpclient.jar
7f667803d000-7f6678040000 r--s 0000f000 08:01 6160801                    /usr/play/framework/lib/provided-geronimo-servlet_2.5_spec-1.2.jar
7f6678040000-7f667804f000 r--s 00074000 08:01 6160813                    /usr/play/framework/lib/joda-time-1.6.jar
7f667804f000-7f6678051000 r--s 0000d000 08:01 6160789                    /usr/play/framework/lib/commons-logging-1.1.1.jar
7f6678051000-7f6678057000 r--s 00024000 08:01 6160792                    /usr/play/framework/lib/asyncweb-common-0.9.0-SNAPSHOT.jar
7f6678057000-7f667805a000 r--s 0000a000 08:01 6160804                    /usr/play/framework/lib/ejb3-persistence.jar
7f667805a000-7f667805c000 r--s 0000a000 08:01 6160798                    /usr/play/framework/lib/commons-codec.jar
7f667805c000-7f6678064000 r--s 000a3000 08:01 6160782                    /usr/play/framework/lib/hsqldb.jar
7f6678064000-7f6678067000 r--s 0000e000 08:01 6160780                    /usr/play/framework/lib/hibernate-commons-annotations.jar
7f6678067000-7f6678070000 r--s 00048000 08:01 6160764                    /usr/play/framework/lib/backport-util-concurrent-3.0.jar
7f6678070000-7f667807b000 r--s 0008a000 08:01 6160766                    /usr/play/framework/lib/c3p0-0.9.1.jar
7f667807b000-7f6678082000 r--s 00059000 08:01 6160812                    /usr/play/framework/lib/log4j-1.2.15.jar
7f6678082000-7f6678084000 r--s 00011000 08:01 6160807                    /usr/play/framework/lib/ZDB.jar
7f6678084000-7f667808a000 r--s 0002c000 08:01 6160791                    /usr/play/framework/lib/SnakeYAML-1.2.jar
7f667808a000-7f66786c3000 rw-p 00000000 00:00 0 
7f66786c3000-7f6678856000 r--s 03918000 08:01 4199350                    /usr/lib/jvm/java-6-openjdk/jre/lib/rt.jar
7f6678856000-7f6678857000 ---p 00000000 00:00 0 
7f6678857000-7f6678957000 rw-p 00000000 00:00 0 
7f6678957000-7f6678958000 ---p 00000000 00:00 0 
7f6678958000-7f6678a58000 rw-p 00000000 00:00 0 
7f6678a58000-7f6678a59000 ---p 00000000 00:00 0 
7f6678a59000-7f6678b59000 rw-p 00000000 00:00 0 
7f6678b59000-7f6678b5a000 ---p 00000000 00:00 0 
7f6678b5a000-7f6678c5a000 rw-p 00000000 00:00 0 
7f6678c5a000-7f6678c5b000 ---p 00000000 00:00 0 
7f6678c5b000-7f6678d5b000 rw-p 00000000 00:00 0 
7f6678d5b000-7f6678d5c000 ---p 00000000 00:00 0 
7f6678d5c000-7f6678e5c000 rw-p 00000000 00:00 0 
7f6678e5c000-7f6678e5d000 ---p 00000000 00:00 0 
7f6678e5d000-7f6678f5d000 rw-p 00000000 00:00 0 
7f6678f5d000-7f6678f5e000 ---p 00000000 00:00 0 
7f6678f5e000-7f667907e000 rw-p 00000000 00:00 0 
7f667907e000-7f6679250000 rw-p 00000000 00:00 0 
7f6679250000-7f667925f000 rw-p 00000000 00:00 0 
7f667925f000-7f66792a4000 rw-p 00000000 00:00 0 
7f66792a4000-7f66792c4000 rw-p 00000000 00:00 0 
7f66792c4000-7f6679496000 rw-p 00000000 00:00 0 
7f6679496000-7f66794a5000 rw-p 00000000 00:00 0 
7f66794a5000-7f66794a7000 ---p 00000000 00:00 0 
7f66794a7000-7f667958f000 rw-p 00000000 00:00 0 
7f667958f000-7f667b200000 rw-p 00000000 00:00 0 
7f667b200000-7f6683d90000 rw-p 00000000 00:00 0 
7f6683d90000-7f6687bd0000 rw-p 00000000 00:00 0 
7f6687bd0000-7f66c2190000 rw-p 00000000 00:00 0 
7f66c2190000-7f66c3e70000 rw-p 00000000 00:00 0 
7f66c3e70000-7f66c42f0000 ---p 00000000 00:00 0 
7f66c42f0000-7f66e1390000 rw-p 00000000 00:00 0 
7f66e1391000-7f66e13a1000 rw-p 00000000 00:00 0 
7f66e13a1000-7f66e1451000 rw-p 00000000 00:00 0 
7f66e1451000-7f66e1821000 rwxp 00000000 00:00 0 
7f66e1821000-7f66e4451000 rw-p 00000000 00:00 0 
7f66e4451000-7f66e4458000 r-xp 00000000 08:01 4199384                    /usr/lib/jvm/java-6-openjdk/jre/lib/amd64/libzip.so
7f66e4458000-7f66e4657000 ---p 00007000 08:01 4199384                    /usr/lib/jvm/java-6-openjdk/jre/lib/amd64/libzip.so
7f66e4657000-7f66e4658000 r--p 00006000 08:01 4199384                    /usr/lib/jvm/java-6-openjdk/jre/lib/amd64/libzip.so
7f66e4658000-7f66e4659000 rw-p 00007000 08:01 4199384                    /usr/lib/jvm/java-6-openjdk/jre/lib/amd64/libzip.so
7f66e4659000-7f66e4665000 r-xp 00000000 08:01 13635044                   /lib/libnss_files-2.11.1.so
7f66e4665000-7f66e4864000 ---p 0000c000 08:01 13635044                   /lib/libnss_files-2.11.1.so
7f66e4864000-7f66e4865000 r--p 0000b000 08:01 13635044                   /lib/libnss_files-2.11.1.so
7f66e4865000-7f66e4866000 rw-p 0000c000 08:01 13635044                   /lib/libnss_files-2.11.1.so
7f66e4866000-7f66e4870000 r-xp 00000000 08:01 13635034                   /lib/libnss_nis-2.11.1.so
7f66e4870000-7f66e4a6f000 ---p 0000a000 08:01 13635034                   /lib/libnss_nis-2.11.1.so
7f66e4a6f000-7f66e4a70000 r--p 00009000 08:01 13635034                   /lib/libnss_nis-2.11.1.so
7f66e4a70000-7f66e4a71000 rw-p 0000a000 08:01 13635034                   /lib/libnss_nis-2.11.1.so
7f66e4a71000-7f66e4a79000 r-xp 00000000 08:01 13635033                   /lib/libnss_compat-2.11.1.so
7f66e4a79000-7f66e4c78000 ---p 00008000 08:01 13635033                   /lib/libnss_compat-2.11.1.so
7f66e4c78000-7f66e4c79000 r--p 00007000 08:01 13635033                   /lib/libnss_compat-2.11.1.so
7f66e4c79000-7f66e4c7a000 rw-p 00008000 08:01 13635033                   /lib/libnss_compat-2.11.1.so
7f66e4c7a000-7f66e4d98000 r--p 00000000 08:01 524356                     /usr/lib/locale/en_US.utf8/LC_COLLATE
7f66e4d98000-7f66e4d9b000 r-xp 00000000 08:01 4199379                    /usr/lib/jvm/java-6-openjdk/jre/lib/amd64/libnpt.so
7f66e4d9b000-7f66e4f9a000 ---p 00003000 08:01 4199379                    /usr/lib/jvm/java-6-openjdk/jre/lib/amd64/libnpt.so
7f66e4f9a000-7f66e4f9b000 r--p 00002000 08:01 4199379                    /usr/lib/jvm/java-6-openjdk/jre/lib/amd64/libnpt.so
7f66e4f9b000-7f66e4f9c000 rw-p 00003000 08:01 4199379                    /usr/lib/jvm/java-6-openjdk/jre/lib/amd64/libnpt.so
7f66e4f9c000-7f66e4fa5000 r-xp 00000000 08:01 4199362                    /usr/lib/jvm/java-6-openjdk/jre/lib/amd64/libinstrument.so
7f66e4fa5000-7f66e51a5000 ---p 00009000 08:01 4199362                    /usr/lib/jvm/java-6-openjdk/jre/lib/amd64/libinstrument.so
7f66e51a5000-7f66e51a6000 r--p 00009000 08:01 4199362                    /usr/lib/jvm/java-6-openjdk/jre/lib/amd64/libinstrument.so
7f66e51a6000-7f66e51a7000 rw-p 0000a000 08:01 4199362                    /usr/lib/jvm/java-6-openjdk/jre/lib/amd64/libinstrument.so
7f66e51a7000-7f66e51e0000 r-xp 00000000 08:01 4199370                    /usr/lib/jvm/java-6-openjdk/jre/lib/amd64/libjdwp.so
7f66e51e0000-7f66e53df000 ---p 00039000 08:01 4199370                    /usr/lib/jvm/java-6-openjdk/jre/lib/amd64/libjdwp.so
7f66e53df000-7f66e53e0000 r--p 00038000 08:01 4199370                    /usr/lib/jvm/java-6-openjdk/jre/lib/amd64/libjdwp.so
7f66e53e0000-7f66e53e1000 rw-p 00039000 08:01 4199370                    /usr/lib/jvm/java-6-openjdk/jre/lib/amd64/libjdwp.so
7f66e53e1000-7f66e53e9000 r-xp 00000000 08:01 4199386                    /usr/lib/jvm/java-6-openjdk/jre/lib/amd64/native_threads/libhpi.so
7f66e53e9000-7f66e55e8000 ---p 00008000 08:01 4199386                    /usr/lib/jvm/java-6-openjdk/jre/lib/amd64/native_threads/libhpi.so
7f66e55e8000-7f66e55e9000 r--p 00007000 08:01 4199386                    /usr/lib/jvm/java-6-openjdk/jre/lib/amd64/native_threads/libhpi.so
7f66e55e9000-7f66e55ea000 rw-p 00008000 08:01 4199386                    /usr/lib/jvm/java-6-openjdk/jre/lib/amd64/native_threads/libhpi.so
7f66e55ea000-7f66e5601000 r-xp 00000000 08:01 13635025                   /lib/libnsl-2.11.1.so
7f66e5601000-7f66e5800000 ---p 00017000 08:01 13635025                   /lib/libnsl-2.11.1.so
7f66e5800000-7f66e5801000 r--p 00016000 08:01 13635025                   /lib/libnsl-2.11.1.so
7f66e5801000-7f66e5802000 rw-p 00017000 08:01 13635025                   /lib/libnsl-2.11.1.so
7f66e5802000-7f66e5804000 rw-p 00000000 00:00 0 
7f66e5804000-7f66e5831000 r-xp 00000000 08:01 4199367                    /usr/lib/jvm/java-6-openjdk/jre/lib/amd64/libjava.so
7f66e5831000-7f66e5a30000 ---p 0002d000 08:01 4199367                    /usr/lib/jvm/java-6-openjdk/jre/lib/amd64/libjava.so
7f66e5a30000-7f66e5a31000 r--p 0002c000 08:01 4199367                    /usr/lib/jvm/java-6-openjdk/jre/lib/amd64/libjava.so
7f66e5a31000-7f66e5a34000 rw-p 0002d000 08:01 4199367                    /usr/lib/jvm/java-6-openjdk/jre/lib/amd64/libjava.so
7f66e5a34000-7f66e5a43000 r-xp 00000000 08:01 4199383                    /usr/lib/jvm/java-6-openjdk/jre/lib/amd64/libverify.so
7f66e5a43000-7f66e5c42000 ---p 0000f000 08:01 4199383                    /usr/lib/jvm/java-6-openjdk/jre/lib/amd64/libverify.so
7f66e5c42000-7f66e5c44000 r--p 0000e000 08:01 4199383                    /usr/lib/jvm/java-6-openjdk/jre/lib/amd64/libverify.so
7f66e5c44000-7f66e5c45000 rw-p 00010000 08:01 4199383                    /usr/lib/jvm/java-6-openjdk/jre/lib/amd64/libverify.so
7f66e5c45000-7f66e5c4c000 r-xp 00000000 08:01 13635029                   /lib/librt-2.11.1.so
7f66e5c4c000-7f66e5e4b000 ---p 00007000 08:01 13635029                   /lib/librt-2.11.1.so
7f66e5e4b000-7f66e5e4c000 r--p 00006000 08:01 13635029                   /lib/librt-2.11.1.so
7f66e5e4c000-7f66e5e4d000 rw-p 00007000 08:01 13635029                   /lib/librt-2.11.1.so
7f66e5e4d000-7f66e5ecf000 r-xp 00000000 08:01 13635024                   /lib/libm-2.11.1.so
7f66e5ecf000-7f66e60ce000 ---p 00082000 08:01 13635024                   /lib/libm-2.11.1.so
7f66e60ce000-7f66e60cf000 r--p 00081000 08:01 13635024                   /lib/libm-2.11.1.so
7f66e60cf000-7f66e60d0000 rw-p 00082000 08:01 13635024                   /lib/libm-2.11.1.so
7f66e60d0000-7f66e68eb000 r-xp 00000000 08:01 4199388                    /usr/lib/jvm/java-6-openjdk/jre/lib/amd64/server/libjvm.so
7f66e68eb000-7f66e6aea000 ---p 0081b000 08:01 4199388                    /usr/lib/jvm/java-6-openjdk/jre/lib/amd64/server/libjvm.so
7f66e6aea000-7f66e6b5e000 r--p 0081a000 08:01 4199388                    /usr/lib/jvm/java-6-openjdk/jre/lib/amd64/server/libjvm.so
7f66e6b5e000-7f66e6b78000 rw-p 0088e000 08:01 4199388                    /usr/lib/jvm/java-6-openjdk/jre/lib/amd64/server/libjvm.so
7f66e6b78000-7f66e6bb1000 rw-p 00000000 00:00 0 
7f66e6bb1000-7f66e6d2b000 r-xp 00000000 08:01 13635041                   /lib/libc-2.11.1.so
7f66e6d2b000-7f66e6f2a000 ---p 0017a000 08:01 13635041                   /lib/libc-2.11.1.so
7f66e6f2a000-7f66e6f2e000 r--p 00179000 08:01 13635041                   /lib/libc-2.11.1.so
7f66e6f2e000-7f66e6f2f000 rw-p 0017d000 08:01 13635041                   /lib/libc-2.11.1.so
7f66e6f2f000-7f66e6f34000 rw-p 00000000 00:00 0 
7f66e6f34000-7f66e6f36000 r-xp 00000000 08:01 13635045                   /lib/libdl-2.11.1.so
7f66e6f36000-7f66e7136000 ---p 00002000 08:01 13635045                   /lib/libdl-2.11.1.so
7f66e7136000-7f66e7137000 r--p 00002000 08:01 13635045                   /lib/libdl-2.11.1.so
7f66e7137000-7f66e7138000 rw-p 00003000 08:01 13635045                   /lib/libdl-2.11.1.so
7f66e7138000-7f66e713c000 r-xp 00000000 08:01 4199355                    /usr/lib/jvm/java-6-openjdk/jre/lib/amd64/jli/libjli.so
7f66e713c000-7f66e733b000 ---p 00004000 08:01 4199355                    /usr/lib/jvm/java-6-openjdk/jre/lib/amd64/jli/libjli.so
7f66e733b000-7f66e733c000 r--p 00003000 08:01 4199355                    /usr/lib/jvm/java-6-openjdk/jre/lib/amd64/jli/libjli.so
7f66e733c000-7f66e733d000 rw-p 00004000 08:01 4199355                    /usr/lib/jvm/java-6-openjdk/jre/lib/amd64/jli/libjli.so
7f66e733d000-7f66e7355000 r-xp 00000000 08:01 13635039                   /lib/libpthread-2.11.1.so
7f66e7355000-7f66e7554000 ---p 00018000 08:01 13635039                   /lib/libpthread-2.11.1.so
7f66e7554000-7f66e7555000 r--p 00017000 08:01 13635039                   /lib/libpthread-2.11.1.so
7f66e7555000-7f66e7556000 rw-p 00018000 08:01 13635039                   /lib/libpthread-2.11.1.so
7f66e7556000-7f66e755a000 rw-p 00000000 00:00 0 
7f66e755a000-7f66e7570000 r-xp 00000000 08:01 13631682                   /lib/libz.so.1.2.3.3
7f66e7570000-7f66e776f000 ---p 00016000 08:01 13631682                   /lib/libz.so.1.2.3.3
7f66e776f000-7f66e7770000 r--p 00015000 08:01 13631682                   /lib/libz.so.1.2.3.3
7f66e7770000-7f66e7771000 rw-p 00016000 08:01 13631682                   /lib/libz.so.1.2.3.3
7f66e7771000-7f66e7791000 r-xp 00000000 08:01 13635026                   /lib/ld-2.11.1.so
7f66e7792000-7f66e7794000 r--s 00012000 08:01 6160777                    /usr/play/framework/lib/lucene-analyzers-2.3.1.jar
7f66e7794000-7f66e7797000 r--s 00018000 08:01 6160772                    /usr/play/framework/lib/commons-io.jar
7f66e7797000-7f66e779a000 r--s 00022000 08:01 6160765                    /usr/play/framework/lib/jamon-2.7.jar
7f66e779a000-7f66e779d000 r--s 0007a000 08:01 4198368                    /usr/lib/jvm/java-6-openjdk/jre/lib/jsse.jar
7f66e779d000-7f66e77a5000 r--s 00078000 08:01 6160732                    /usr/play/framework/play.jar
7f66e77a5000-7f66e77ae000 r--s 00065000 08:01 792965                     /usr/share/java/gnome-java-bridge.jar
7f66e77ae000-7f66e77e5000 rw-p 00000000 00:00 0 
7f66e77e5000-7f66e782a000 rw-p 00000000 00:00 0 
7f66e782a000-7f66e7869000 r--p 00000000 08:01 524526                     /usr/lib/locale/en_US.utf8/LC_CTYPE
7f66e7869000-7f66e786c000 ---p 00000000 00:00 0 
7f66e786c000-7f66e7970000 rw-p 00000000 00:00 0 
7f66e7970000-7f66e7973000 r--s 0000f000 08:01 4198354                    /usr/lib/jvm/java-6-openjdk/jre/lib/ext/pulse-java.jar
7f66e7973000-7f66e797b000 rw-s 00000000 08:01 21627059                   /tmp/hsperfdata_uhu/2630
7f66e797b000-7f66e797c000 r--p 00000000 08:01 524362                     /usr/lib/locale/en_US.utf8/LC_NUMERIC
7f66e797c000-7f66e797d000 r--p 00000000 08:01 526992                     /usr/lib/locale/en_US.utf8/LC_TIME
7f66e797d000-7f66e797e000 r--p 00000000 08:01 526993                     /usr/lib/locale/en_US.utf8/LC_MONETARY
7f66e797e000-7f66e797f000 r--p 00000000 08:01 526994                     /usr/lib/locale/en_US.utf8/LC_MESSAGES/SYS_LC_MESSAGES
7f66e797f000-7f66e7980000 r--p 00000000 08:01 524428                     /usr/lib/locale/en_US.utf8/LC_PAPER
7f66e7980000-7f66e7981000 r--p 00000000 08:01 400867                     /usr/lib/locale/en_US.utf8/LC_NAME
7f66e7981000-7f66e7982000 r--p 00000000 08:01 526995                     /usr/lib/locale/en_US.utf8/LC_ADDRESS
7f66e7982000-7f66e7983000 r--p 00000000 08:01 526996                     /usr/lib/locale/en_US.utf8/LC_TELEPHONE
7f66e7983000-7f66e7984000 r--p 00000000 08:01 524567                     /usr/lib/locale/en_US.utf8/LC_MEASUREMENT
7f66e7984000-7f66e798b000 r--s 00000000 08:01 394967                     /usr/lib/gconv/gconv-modules.cache
7f66e798b000-7f66e798c000 r--p 00000000 08:01 526997                     /usr/lib/locale/en_US.utf8/LC_IDENTIFICATION
7f66e798c000-7f66e798d000 rw-p 00000000 00:00 0 
7f66e798d000-7f66e798e000 r--p 00000000 00:00 0 
7f66e798e000-7f66e7990000 rw-p 00000000 00:00 0 
7f66e7990000-7f66e7991000 r--p 0001f000 08:01 13635026                   /lib/ld-2.11.1.so
7f66e7991000-7f66e7992000 rw-p 00020000 08:01 13635026                   /lib/ld-2.11.1.so
7f66e7992000-7f66e7993000 rw-p 00000000 00:00 0 
7fff3aeb9000-7fff3aecf000 rw-p 00000000 00:00 0                          [stack]
7fff3afc6000-7fff3afc7000 r-xp 00000000 00:00 0                          [vdso]
ffffffffff600000-ffffffffff601000 r-xp 00000000 00:00 0                  [vsyscall]

VM Arguments:
jvm_args: -javaagent:/usr/play/framework/play.jar -Dplay.debug=yes -Xrunjdwp:transport=dt_socket,address=8000,server=y,suspend=n -Xdebug -Dapplication.path=/home/uhu/git/flangenegger/ese2010-team3/qa -Dplay.id= 
java_command: play.server.Server
Launcher Type: SUN_STANDARD

Environment Variables:
PATH=/usr/local/sbin:/usr/local/bin:/usr/sbin:/usr/bin:/sbin:/bin:/usr/games
USERNAME=uhu
LD_LIBRARY_PATH=/usr/lib/jvm/java-6-openjdk/jre/lib/amd64/server:/usr/lib/jvm/java-6-openjdk/jre/lib/amd64:/usr/lib/jvm/java-6-openjdk/jre/../lib/amd64
SHELL=/bin/bash
DISPLAY=:0.0

Signal Handlers:
SIGSEGV: [libjvm.so+0x6c1f70], sa_mask[0]=0x7ffbfeff, sa_flags=0x10000004
SIGBUS: [libjvm.so+0x6c1f70], sa_mask[0]=0x7ffbfeff, sa_flags=0x10000004
SIGFPE: [libjvm.so+0x58ca00], sa_mask[0]=0x7ffbfeff, sa_flags=0x10000004
SIGPIPE: [libjvm.so+0x58ca00], sa_mask[0]=0x7ffbfeff, sa_flags=0x10000004
SIGXFSZ: [libjvm.so+0x58ca00], sa_mask[0]=0x7ffbfeff, sa_flags=0x10000004
SIGILL: [libjvm.so+0x58ca00], sa_mask[0]=0x7ffbfeff, sa_flags=0x10000004
SIGUSR1: SIG_DFL, sa_mask[0]=0x00000000, sa_flags=0x00000000
SIGUSR2: [libjvm.so+0x58c150], sa_mask[0]=0x00000000, sa_flags=0x10000004
SIGHUP: [libjvm.so+0x58e840], sa_mask[0]=0x7ffbfeff, sa_flags=0x10000004
SIGINT: [libjvm.so+0x58e840], sa_mask[0]=0x7ffbfeff, sa_flags=0x10000004
SIGTERM: [libjvm.so+0x58e840], sa_mask[0]=0x7ffbfeff, sa_flags=0x10000004
SIGQUIT: [libjvm.so+0x58e840], sa_mask[0]=0x7ffbfeff, sa_flags=0x10000004


---------------  S Y S T E M  ---------------

OS:Ubuntu 10.04 (lucid)
uname:Linux 2.6.32-25-generic #45-Ubuntu SMP Sat Oct 16 19:52:42 UTC 2010 x86_64
libc:glibc 2.11.1 NPTL 2.11.1 
rlimit: STACK 8192k, CORE 0k, NPROC infinity, NOFILE 1024, AS infinity
load average:0.78 0.71 0.57

CPU:total 8 (8 cores per cpu, 2 threads per core) family 6 model 30 stepping 5, cmov, cx8, fxsr, mmx, sse, sse2, sse3, ssse3, sse4.1, sse4.2, popcnt, ht

Memory: 4k page, physical 6114792k(3978764k free), swap 17911800k(17911800k free)

vm_info: OpenJDK 64-Bit Server VM (16.0-b13) for linux-amd64 JRE (1.6.0_18-b18), built on Jul 26 2010 23:34:55 by "buildd" with gcc 4.4.3

time: Wed Oct 27 17:30:14 2010
elapsed time: 442 seconds

